Notify: Found jdk version: 1.8.0.
Notify: classpath=C:\Users\екатерина и анатолий\Desktop\LrProject\;c:\program files (x86)\hp\loadrunner\classes\srv;c:\program files (x86)\hp\loadrunner\classes;;;C:\Users\екатерина и анатолий\Desktop\LrProject\Q-expert-1.0-SNAPSHOT-jar-with-dependencies.jar;;c:\program files (x86)\hp\loadrunner\lib\xstream-1.4.8.jar;c:\program files (x86)\hp\loadrunner\lib\xpp3-1.1.4c.jar
Notify: Path=C:\Program Files (x86)\Java\jdk1.8.0_131\jre\bin\client;C:\Program Files (x86)\Java\jdk1.8.0_131\bin;C:\Program Files (x86)\HP\LoadRunner\bin\NativeBinaries\x86;C:\Program Files (x86)\HP\LoadRunner\Bin;C:\Program Files (x86)\HP\LoadRunner\Bin\tulip\bin;C:\ProgramData\Oracle\Java\javapath;C:\windows\system32;C:\windows;C:\windows\System32\Wbem;C:\windows\System32\WindowsPowerShell\v1.0\;C:\Program Files (x86)\Skype\Phone\;C:\Program Files (x86)\HP\LoadRunner\strawberry-perl\perl\bin;C:\Program Files\Git\cmd;C:\Users\екатерина и анатолий\AppData\Local\Microsoft\WindowsApps;
Notify: VM Params: .
Virtual User Script started at : 05.06.2017 11:14:16
Starting action vuser_init.
Ending action vuser_init.
Running Vuser...
Starting iteration 1.
Maximum number of concurrent connections per server: 4  	[MsgId: MMSG-26989]
Starting action Actions.
System.err: java.lang.AssertionError: СтрокаFailНе содержит ass expected [true] but found [false]                                                                                                                                                      Error
System.err: 	at org.testng.Assert.fail(Assert.java:93)                                                                                                                                                      Error
System.err: 	at org.testng.Assert.failNotEquals(Assert.java:512)                                                                                                                                                      Error
System.err: 	at org.testng.Assert.assertTrue(Assert.java:41)                                                                                                                                                      Error
System.err: 	at GetTest.getTest(GetTest.java:21)                                                                                                                                                      Error
System.err: 	at Actions.action(Actions.java:15)                                                                                                                                                      Error
System.err: 	at sun.reflect.NativeMethodAccessorImpl.invoke0(Native Method)                                                                                                                                                      Error
System.err: 	at sun.reflect.NativeMethodAccessorImpl.invoke(NativeMethodAccessorImpl.java:62)                                                                                                                                                      Error
System.err: 	at sun.reflect.DelegatingMethodAccessorImpl.invoke(DelegatingMethodAccessorImpl.java:43)                                                                                                                                                      Error
System.err: 	at java.lang.reflect.Method.invoke(Method.java:498)                                                                                                                                                      Error
System.err: 	at com.hpe.lr.java.replay.ScriptContainer.invoke(ScriptContainer.java:68)                                                                                                                                                      Error
System.err: 	at com.hpe.lr.java.replay.ScriptContainer.action(ScriptContainer.java:59)                                                                                                                                                      Error
Error: java.lang.AssertionError: СтрокаFailНе содержит ass expected [true] but found [false]
Error: 	at org.testng.Assert.fail(Assert.java:93)
	at org.testng.Assert.failNotEquals(Assert.java:512)
	at org.testng.Assert.assertTrue(Assert.java:41)
	at GetTest.getTest(GetTest.java:21)
	at Actions.action(Actions.java:15)
	at sun.reflect.NativeMethodAccessorImpl.invoke0(Native Method)
	at sun.reflect.NativeMethodAccessorImpl.invoke(NativeMethodAccessorImpl.java:62)
	at sun.reflect.DelegatingMethodAccessorImpl.invoke(DelegatingMethodAccessorImpl.java:43)
	at java.lang.reflect.Method.invoke(Method.java:498)
	at com.hpe.lr.java.replay.ScriptContainer.invoke(ScriptContainer.java:68)
	at com.hpe.lr.java.replay.ScriptContainer.action(ScriptContainer.java:59)

Abort was called from an action.
Ending Vuser...
Starting action vuser_end.
Ending action vuser_end.
Vuser Terminated.
